2025-01-02 12:21:42 [TestNG-tests-3] INFO  testCases.TC001_AccountRegistrationTest - Clicked on My Account
2025-01-02 12:21:42 [TestNG-tests-3] INFO  testCases.TC001_AccountRegistrationTest - *****Finised TCOO1 Account Registration*****************
2025-01-02 12:52:06 [main] INFO  testCases.TC001_AccountRegistrationTest - *************Starting TCOO1 Account Registration*****************
2025-01-02 12:52:06 [main] INFO  testCases.TC001_AccountRegistrationTest - Clicked on My Account link
2025-01-02 12:52:07 [main] INFO  testCases.TC001_AccountRegistrationTest - Clicked on Register link
2025-01-02 12:52:07 [main] INFO  testCases.TC001_AccountRegistrationTest - Providing Customer detail
2025-01-02 12:52:23 [main] INFO  testCases.TC001_AccountRegistrationTest - Clicked on My Account
2025-01-02 12:52:23 [main] INFO  testCases.TC001_AccountRegistrationTest - *****Finised TCOO1 Account Registration*****************
2025-01-02 16:51:04 [main] INFO  org.testng.internal.Utils - [TestNG] Running:
  D:\Automation Selenium\Java Practics\Framework\OpenCartV1\testng.xml

2025-01-02 16:51:44 [main] INFO  org.testng.internal.Utils - [TestNG] Running:
  D:\Automation Selenium\Java Practics\Framework\OpenCartV1\testng.xml

2025-01-02 16:53:39 [main] INFO  testCases.TC002_LoginTest - ********************starting LoginTest002******************
2025-01-02 16:53:41 [main] INFO  testCases.TC002_LoginTest - **************Finised LoginTest002***************
2025-01-03 15:52:15 [main] INFO  testCases.TC003_LoginDDT - ************************Test Started TC003***********************
2025-01-03 15:52:16 [main] INFO  testCases.TC003_LoginDDT - ************************Test Finised TC003***********************
2025-01-03 15:52:16 [main] INFO  testCases.TC003_LoginDDT - ************************Test Started TC003***********************
2025-01-03 15:52:27 [main] INFO  testCases.TC003_LoginDDT - ************************Test Finised TC003***********************
2025-01-03 15:52:27 [main] INFO  testCases.TC003_LoginDDT - ************************Test Started TC003***********************
2025-01-03 15:52:38 [main] INFO  testCases.TC003_LoginDDT - ************************Test Finised TC003***********************
2025-01-03 15:52:38 [main] INFO  testCases.TC003_LoginDDT - ************************Test Started TC003***********************
2025-01-03 15:52:40 [main] INFO  testCases.TC003_LoginDDT - ************************Test Finised TC003***********************
2025-01-06 09:18:50 [main] INFO  testCases.TC001_AccountRegistrationTest - *************Starting TCOO1 Account Registration*****************
2025-01-06 09:18:51 [main] INFO  testCases.TC001_AccountRegistrationTest - Clicked on My Account link
2025-01-06 09:18:51 [main] INFO  testCases.TC001_AccountRegistrationTest - Clicked on Register link
2025-01-06 09:18:51 [main] INFO  testCases.TC001_AccountRegistrationTest - Providing Customer detail
2025-01-06 09:19:07 [main] INFO  testCases.TC001_AccountRegistrationTest - Clicked on My Account
2025-01-06 09:19:07 [main] INFO  testCases.TC001_AccountRegistrationTest - *****Finised TCOO1 Account Registration*****************
2025-01-06 09:19:09 [main] INFO  testCases.TC002_LoginTest - ********************starting LoginTest002******************
2025-01-06 09:19:11 [main] INFO  testCases.TC002_LoginTest - **************Finised LoginTest002***************
2025-01-06 11:20:03 [main] INFO  testCases.TC001_AccountRegistrationTest - *************Starting TCOO1 Account Registration*****************
2025-01-06 11:20:03 [main] INFO  testCases.TC001_AccountRegistrationTest - Clicked on My Account link
2025-01-06 11:20:04 [main] INFO  testCases.TC001_AccountRegistrationTest - Clicked on Register link
2025-01-06 11:20:04 [main] INFO  testCases.TC001_AccountRegistrationTest - Providing Customer detail
2025-01-06 11:20:20 [main] INFO  testCases.TC001_AccountRegistrationTest - Clicked on My Account
2025-01-06 11:20:20 [main] INFO  testCases.TC001_AccountRegistrationTest - *****Finised TCOO1 Account Registration*****************
2025-01-06 11:20:22 [main] INFO  testCases.TC002_LoginTest - ********************starting LoginTest002******************
2025-01-06 11:20:24 [main] INFO  testCases.TC002_LoginTest - **************Finised LoginTest002***************
2025-01-06 11:23:00 [main] INFO  testCases.TC001_AccountRegistrationTest - *************Starting TCOO1 Account Registration*****************
2025-01-06 11:23:01 [main] INFO  testCases.TC001_AccountRegistrationTest - Clicked on My Account link
2025-01-06 11:23:01 [main] INFO  testCases.TC001_AccountRegistrationTest - Clicked on Register link
2025-01-06 11:23:01 [main] INFO  testCases.TC001_AccountRegistrationTest - Providing Customer detail
2025-01-06 11:23:17 [main] INFO  testCases.TC001_AccountRegistrationTest - Clicked on My Account
2025-01-06 11:23:17 [main] INFO  testCases.TC001_AccountRegistrationTest - *****Finised TCOO1 Account Registration*****************
2025-01-06 11:23:19 [main] INFO  testCases.TC002_LoginTest - ********************starting LoginTest002******************
