2025-01-07 10:24:41 [main] INFO  testCases.TC001_AccountRegistrationTest - Clicked on My Account
2025-01-07 10:24:41 [main] INFO  testCases.TC001_AccountRegistrationTest - *****Finised TCOO1 Account Registration*****************
2025-01-07 10:24:45 [main] INFO  testCases.TC002_LoginTest - ********************starting LoginTest002******************
2025-01-07 10:24:46 [main] INFO  testCases.TC002_LoginTest - **************Finised LoginTest002***************
2025-01-07 11:56:45 [main] INFO  org.testng.internal.Utils - [TestNG] Running:
  D:\Automation Selenium\Java Practics\Framework\OpenCartV1\testng.xml

2025-01-07 11:57:31 [main] INFO  org.testng.internal.Utils - [TestNG] Running:
  D:\Automation Selenium\Java Practics\Framework\OpenCartV1\testng.xml

2025-01-07 11:58:07 [main] INFO  org.testng.internal.Utils - [TestNG] Running:
  D:\Automation Selenium\Java Practics\Framework\OpenCartV1\testng.xml

2025-01-07 11:59:19 [main] INFO  org.testng.internal.Utils - [TestNG] Running:
  D:\Automation Selenium\Java Practics\Framework\OpenCartV1\testng.xml

2025-01-07 12:00:27 [main] INFO  org.testng.internal.Utils - [TestNG] Running:
  D:\Automation Selenium\Java Practics\Framework\OpenCartV1\testng.xml

2025-01-07 12:01:03 [main] INFO  org.testng.internal.Utils - [TestNG] Running:
  D:\Automation Selenium\Java Practics\Framework\OpenCartV1\crossBrowseTesting.xml

2025-01-07 12:06:38 [main] INFO  testCases.TC001_AccountRegistrationTest - *************Starting TCOO1 Account Registration*****************
2025-01-07 12:06:39 [main] INFO  testCases.TC001_AccountRegistrationTest - Clicked on My Account link
2025-01-07 12:06:39 [main] INFO  testCases.TC001_AccountRegistrationTest - Clicked on Register link
2025-01-07 12:06:39 [main] INFO  testCases.TC001_AccountRegistrationTest - Providing Customer detail
2025-01-07 12:06:56 [main] INFO  testCases.TC001_AccountRegistrationTest - Clicked on My Account
2025-01-07 12:06:56 [main] INFO  testCases.TC001_AccountRegistrationTest - *****Finised TCOO1 Account Registration*****************
2025-01-07 12:07:00 [main] INFO  testCases.TC002_LoginTest - ********************starting LoginTest002******************
2025-01-07 12:07:01 [main] INFO  testCases.TC002_LoginTest - **************Finised LoginTest002***************
2025-01-07 12:07:28 [main] INFO  testCases.TC001_AccountRegistrationTest - *************Starting TCOO1 Account Registration*****************
2025-01-07 12:07:28 [main] INFO  testCases.TC001_AccountRegistrationTest - Clicked on My Account link
2025-01-07 12:07:29 [main] INFO  testCases.TC001_AccountRegistrationTest - Clicked on Register link
2025-01-07 12:07:29 [main] INFO  testCases.TC001_AccountRegistrationTest - Providing Customer detail
2025-01-07 12:07:45 [main] INFO  testCases.TC001_AccountRegistrationTest - Clicked on My Account
2025-01-07 12:07:45 [main] INFO  testCases.TC001_AccountRegistrationTest - *****Finised TCOO1 Account Registration*****************
2025-01-07 12:07:49 [main] INFO  testCases.TC002_LoginTest - ********************starting LoginTest002******************
2025-01-07 12:07:50 [main] INFO  testCases.TC002_LoginTest - **************Finised LoginTest002***************
2025-01-07 12:39:33 [main] INFO  testCases.TC001_AccountRegistrationTest - *************Starting TCOO1 Account Registration*****************
2025-01-07 12:39:33 [main] INFO  testCases.TC001_AccountRegistrationTest - Clicked on My Account link
2025-01-07 12:39:34 [main] INFO  testCases.TC001_AccountRegistrationTest - Clicked on Register link
2025-01-07 12:39:34 [main] INFO  testCases.TC001_AccountRegistrationTest - Providing Customer detail
2025-01-07 12:39:51 [main] INFO  testCases.TC001_AccountRegistrationTest - Clicked on My Account
2025-01-07 12:39:51 [main] INFO  testCases.TC001_AccountRegistrationTest - *****Finised TCOO1 Account Registration*****************
2025-01-07 12:39:53 [main] INFO  testCases.TC002_LoginTest - ********************starting LoginTest002******************
2025-01-07 12:39:54 [main] INFO  testCases.TC002_LoginTest - **************Finised LoginTest002***************
2025-01-07 12:44:31 [main] INFO  testCases.TC001_AccountRegistrationTest - *************Starting TCOO1 Account Registration*****************
2025-01-07 12:44:32 [main] INFO  testCases.TC001_AccountRegistrationTest - Clicked on My Account link
2025-01-07 12:44:32 [main] INFO  testCases.TC001_AccountRegistrationTest - Clicked on Register link
2025-01-07 12:44:32 [main] INFO  testCases.TC001_AccountRegistrationTest - Providing Customer detail
2025-01-07 12:44:48 [main] INFO  testCases.TC001_AccountRegistrationTest - Clicked on My Account
2025-01-07 12:44:48 [main] INFO  testCases.TC001_AccountRegistrationTest - *****Finised TCOO1 Account Registration*****************
2025-01-07 12:44:51 [main] INFO  testCases.TC002_LoginTest - ********************starting LoginTest002******************
2025-01-07 12:44:53 [main] INFO  testCases.TC002_LoginTest - **************Finised LoginTest002***************
